This is pdfTeX, Version 3.14159265-2.6-1.40.21 (TeX Live 2020) (preloaded format=pdflatex 2020.10.27)  29 DEC 2020 21:20
entering extended mode
 restricted \write18 enabled.
 %&-line parsing enabled.
**TUTO_ML.tex
(./TUTO_ML.tex
LaTeX2e <2020-02-02> patch level 5
L3 programming layer <2020-03-06> (/usr/local/texlive/2020/texmf-dist/tex/latex
/base/article.cls
Document Class: article 2019/12/20 v1.4l Standard LaTeX document class
(/usr/local/texlive/2020/texmf-dist/tex/latex/base/size10.clo
File: size10.clo 2019/12/20 v1.4l Standard LaTeX file (size option)
)
\c@part=\count167
\c@section=\count168
\c@subsection=\count169
\c@subsubsection=\count170
\c@paragraph=\count171
\c@subparagraph=\count172
\c@figure=\count173
\c@table=\count174
\abovecaptionskip=\skip47
\belowcaptionskip=\skip48
\bibindent=\dimen134
) (/usr/local/texlive/2020/texmf-dist/tex/latex/lm/lmodern.sty
Package: lmodern 2009/10/30 v1.6 Latin Modern Fonts
LaTeX Font Info:    Overwriting symbol font `operators' in version `normal'
(Font)                  OT1/cmr/m/n --> OT1/lmr/m/n on input line 22.
LaTeX Font Info:    Overwriting symbol font `letters' in version `normal'
(Font)                  OML/cmm/m/it --> OML/lmm/m/it on input line 23.
LaTeX Font Info:    Overwriting symbol font `symbols' in version `normal'
(Font)                  OMS/cmsy/m/n --> OMS/lmsy/m/n on input line 24.
LaTeX Font Info:    Overwriting symbol font `largesymbols' in version `normal'
(Font)                  OMX/cmex/m/n --> OMX/lmex/m/n on input line 25.
LaTeX Font Info:    Overwriting symbol font `operators' in version `bold'
(Font)                  OT1/cmr/bx/n --> OT1/lmr/bx/n on input line 26.
LaTeX Font Info:    Overwriting symbol font `letters' in version `bold'
(Font)                  OML/cmm/b/it --> OML/lmm/b/it on input line 27.
LaTeX Font Info:    Overwriting symbol font `symbols' in version `bold'
(Font)                  OMS/cmsy/b/n --> OMS/lmsy/b/n on input line 28.
LaTeX Font Info:    Overwriting symbol font `largesymbols' in version `bold'
(Font)                  OMX/cmex/m/n --> OMX/lmex/m/n on input line 29.
LaTeX Font Info:    Overwriting math alphabet `\mathbf' in version `normal'
(Font)                  OT1/cmr/bx/n --> OT1/lmr/bx/n on input line 31.
LaTeX Font Info:    Overwriting math alphabet `\mathsf' in version `normal'
(Font)                  OT1/cmss/m/n --> OT1/lmss/m/n on input line 32.
LaTeX Font Info:    Overwriting math alphabet `\mathit' in version `normal'
(Font)                  OT1/cmr/m/it --> OT1/lmr/m/it on input line 33.
LaTeX Font Info:    Overwriting math alphabet `\mathtt' in version `normal'
(Font)                  OT1/cmtt/m/n --> OT1/lmtt/m/n on input line 34.
LaTeX Font Info:    Overwriting math alphabet `\mathbf' in version `bold'
(Font)                  OT1/cmr/bx/n --> OT1/lmr/bx/n on input line 35.
LaTeX Font Info:    Overwriting math alphabet `\mathsf' in version `bold'
(Font)                  OT1/cmss/bx/n --> OT1/lmss/bx/n on input line 36.
LaTeX Font Info:    Overwriting math alphabet `\mathit' in version `bold'
(Font)                  OT1/cmr/bx/it --> OT1/lmr/bx/it on input line 37.
LaTeX Font Info:    Overwriting math alphabet `\mathtt' in version `bold'
(Font)                  OT1/cmtt/m/n --> OT1/lmtt/m/n on input line 38.
) (/usr/local/texlive/2020/texmf-dist/tex/latex/amsfonts/amssymb.sty
Package: amssymb 2013/01/14 v3.01 AMS font symbols
(/usr/local/texlive/2020/texmf-dist/tex/latex/amsfonts/amsfonts.sty
Package: amsfonts 2013/01/14 v3.01 Basic AMSFonts support
\@emptytoks=\toks15
\symAMSa=\mathgroup4
\symAMSb=\mathgroup5
LaTeX Font Info:    Redeclaring math symbol \hbar on input line 98.
LaTeX Font Info:    Overwriting math alphabet `\mathfrak' in version `bold'
(Font)                  U/euf/m/n --> U/euf/b/n on input line 106.
)) (/usr/local/texlive/2020/texmf-dist/tex/latex/amsmath/amsmath.sty
Package: amsmath 2020/01/20 v2.17e AMS math features
\@mathmargin=\skip49
For additional information on amsmath, use the `?' option.
(/usr/local/texlive/2020/texmf-dist/tex/latex/amsmath/amstext.sty
Package: amstext 2000/06/29 v2.01 AMS text
(/usr/local/texlive/2020/texmf-dist/tex/latex/amsmath/amsgen.sty
File: amsgen.sty 1999/11/30 v2.0 generic functions
\@emptytoks=\toks16
\ex@=\dimen135
)) (/usr/local/texlive/2020/texmf-dist/tex/latex/amsmath/amsbsy.sty
Package: amsbsy 1999/11/29 v1.2d Bold Symbols
\pmbraise@=\dimen136
) (/usr/local/texlive/2020/texmf-dist/tex/latex/amsmath/amsopn.sty
Package: amsopn 2016/03/08 v2.02 operator names
)
\inf@bad=\count175
LaTeX Info: Redefining \frac on input line 227.
\uproot@=\count176
\leftroot@=\count177
LaTeX Info: Redefining \overline on input line 389.
\classnum@=\count178
\DOTSCASE@=\count179
LaTeX Info: Redefining \ldots on input line 486.
LaTeX Info: Redefining \dots on input line 489.
LaTeX Info: Redefining \cdots on input line 610.
\Mathstrutbox@=\box45
\strutbox@=\box46
\big@size=\dimen137
LaTeX Font Info:    Redeclaring font encoding OML on input line 733.
LaTeX Font Info:    Redeclaring font encoding OMS on input line 734.
\macc@depth=\count180
\c@MaxMatrixCols=\count181
\dotsspace@=\muskip16
\c@parentequation=\count182
\dspbrk@lvl=\count183
\tag@help=\toks17
\row@=\count184
\column@=\count185
\maxfields@=\count186
\andhelp@=\toks18
\eqnshift@=\dimen138
\alignsep@=\dimen139
\tagshift@=\dimen140
\tagwidth@=\dimen141
\totwidth@=\dimen142
\lineht@=\dimen143
\@envbody=\toks19
\multlinegap=\skip50
\multlinetaggap=\skip51
\mathdisplay@stack=\toks20
LaTeX Info: Redefining \[ on input line 2859.
LaTeX Info: Redefining \] on input line 2860.
) (/usr/local/texlive/2020/texmf-dist/tex/generic/iftex/ifxetex.sty
Package: ifxetex 2019/10/25 v0.7 ifxetex legacy package. Use iftex instead.
(/usr/local/texlive/2020/texmf-dist/tex/generic/iftex/iftex.sty
Package: iftex 2020/03/06 v1.0d TeX engine tests
)) (/usr/local/texlive/2020/texmf-dist/tex/generic/iftex/ifluatex.sty
Package: ifluatex 2019/10/25 v1.5 ifluatex legacy package. Use iftex instead.
) (/usr/local/texlive/2020/texmf-dist/tex/latex/base/fontenc.sty
Package: fontenc 2020/02/11 v2.0o Standard LaTeX package
LaTeX Font Info:    Trying to load font information for T1+lmr on input line 11
2.
(/usr/local/texlive/2020/texmf-dist/tex/latex/lm/t1lmr.fd
File: t1lmr.fd 2009/10/30 v1.6 Font defs for Latin Modern
)) (/usr/local/texlive/2020/texmf-dist/tex/latex/base/inputenc.sty
Package: inputenc 2018/08/11 v1.3c Input encoding file
\inpenc@prehook=\toks21
\inpenc@posthook=\toks22
) (/usr/local/texlive/2020/texmf-dist/tex/latex/base/textcomp.sty
Package: textcomp 2020/02/02 v2.0n Standard LaTeX package
) (/usr/local/texlive/2020/texmf-dist/tex/latex/upquote/upquote.sty
Package: upquote 2012/04/19 v1.3 upright-quote and grave-accent glyphs in verba
tim
) (/usr/local/texlive/2020/texmf-dist/tex/latex/microtype/microtype.sty
Package: microtype 2019/11/18 v2.7d Micro-typographical refinements (RS)
(/usr/local/texlive/2020/texmf-dist/tex/latex/graphics/keyval.sty
Package: keyval 2014/10/28 v1.15 key=value parser (DPC)
\KV@toks@=\toks23
)
\MT@toks=\toks24
\MT@count=\count187
LaTeX Info: Redefining \textls on input line 790.
\MT@outer@kern=\dimen144
LaTeX Info: Redefining \textmicrotypecontext on input line 1354.
\MT@listname@count=\count188
(/usr/local/texlive/2020/texmf-dist/tex/latex/microtype/microtype-pdftex.def
File: microtype-pdftex.def 2019/11/18 v2.7d Definitions specific to pdftex (RS)

LaTeX Info: Redefining \lsstyle on input line 914.
LaTeX Info: Redefining \lslig on input line 914.
\MT@outer@space=\skip52
)
Package microtype Info: Loading configuration file microtype.cfg.
(/usr/local/texlive/2020/texmf-dist/tex/latex/microtype/microtype.cfg
File: microtype.cfg 2019/11/18 v2.7d microtype main configuration file (RS)
)) (/usr/local/texlive/2020/texmf-dist/tex/latex/parskip/parskip.sty
Package: parskip 2020-01-22 v2.0d non-zero parskip adjustments
(/usr/local/texlive/2020/texmf-dist/tex/latex/kvoptions/kvoptions.sty
Package: kvoptions 2019/11/29 v3.13 Key value format for package options (HO)
(/usr/local/texlive/2020/texmf-dist/tex/generic/ltxcmds/ltxcmds.sty
Package: ltxcmds 2019/12/15 v1.24 LaTeX kernel commands for general use (HO)
) (/usr/local/texlive/2020/texmf-dist/tex/generic/kvsetkeys/kvsetkeys.sty
Package: kvsetkeys 2019/12/15 v1.18 Key value parser (HO)
)) (/usr/local/texlive/2020/texmf-dist/tex/latex/etoolbox/etoolbox.sty
Package: etoolbox 2019/09/21 v2.5h e-TeX tools for LaTeX (JAW)
\etb@tempcnta=\count189
)) (/usr/local/texlive/2020/texmf-dist/tex/latex/xcolor/xcolor.sty
Package: xcolor 2016/05/11 v2.12 LaTeX color extensions (UK)
(/usr/local/texlive/2020/texmf-dist/tex/latex/graphics-cfg/color.cfg
File: color.cfg 2016/01/02 v1.6 sample color configuration
)
Package xcolor Info: Driver file: pdftex.def on input line 225.
(/usr/local/texlive/2020/texmf-dist/tex/latex/graphics-def/pdftex.def
File: pdftex.def 2018/01/08 v1.0l Graphics/color driver for pdftex
)
Package xcolor Info: Model `cmy' substituted by `cmy0' on input line 1348.
Package xcolor Info: Model `hsb' substituted by `rgb' on input line 1352.
Package xcolor Info: Model `RGB' extended on input line 1364.
Package xcolor Info: Model `HTML' substituted by `rgb' on input line 1366.
Package xcolor Info: Model `Hsb' substituted by `hsb' on input line 1367.
Package xcolor Info: Model `tHsb' substituted by `hsb' on input line 1368.
Package xcolor Info: Model `HSB' substituted by `hsb' on input line 1369.
Package xcolor Info: Model `Gray' substituted by `gray' on input line 1370.
Package xcolor Info: Model `wave' substituted by `hsb' on input line 1371.
) (/usr/local/texlive/2020/texmf-dist/tex/latex/xurl/xurl.sty
Package: xurl 2020/01/24 v 0.09 modify URL breaks
(/usr/local/texlive/2020/texmf-dist/tex/latex/url/url.sty
\Urlmuskip=\muskip17
Package: url 2013/09/16  ver 3.4  Verb mode for urls, etc.
)) (/usr/local/texlive/2020/texmf-dist/tex/latex/bookmark/bookmark.sty
Package: bookmark 2019/12/03 v1.28 PDF bookmarks (HO)
(/usr/local/texlive/2020/texmf-dist/tex/latex/hyperref/hyperref.sty
Package: hyperref 2020/01/14 v7.00d Hypertext links for LaTeX
(/usr/local/texlive/2020/texmf-dist/tex/latex/pdftexcmds/pdftexcmds.sty
Package: pdftexcmds 2019/11/24 v0.31 Utility functions of pdfTeX for LuaTeX (HO
)
(/usr/local/texlive/2020/texmf-dist/tex/generic/infwarerr/infwarerr.sty
Package: infwarerr 2019/12/03 v1.5 Providing info/warning/error messages (HO)
)
Package pdftexcmds Info: \pdf@primitive is available.
Package pdftexcmds Info: \pdf@ifprimitive is available.
Package pdftexcmds Info: \pdfdraftmode found.
) (/usr/local/texlive/2020/texmf-dist/tex/generic/kvdefinekeys/kvdefinekeys.sty
Package: kvdefinekeys 2019-12-19 v1.6 Define keys (HO)
) (/usr/local/texlive/2020/texmf-dist/tex/generic/pdfescape/pdfescape.sty
Package: pdfescape 2019/12/09 v1.15 Implements pdfTeX's escape features (HO)
) (/usr/local/texlive/2020/texmf-dist/tex/latex/hycolor/hycolor.sty
Package: hycolor 2020-01-27 v1.10 Color options for hyperref/bookmark (HO)
) (/usr/local/texlive/2020/texmf-dist/tex/latex/letltxmacro/letltxmacro.sty
Package: letltxmacro 2019/12/03 v1.6 Let assignment for LaTeX macros (HO)
) (/usr/local/texlive/2020/texmf-dist/tex/latex/auxhook/auxhook.sty
Package: auxhook 2019-12-17 v1.6 Hooks for auxiliary files (HO)
)
\@linkdim=\dimen145
\Hy@linkcounter=\count190
\Hy@pagecounter=\count191
(/usr/local/texlive/2020/texmf-dist/tex/latex/hyperref/pd1enc.def
File: pd1enc.def 2020/01/14 v7.00d Hyperref: PDFDocEncoding definition (HO)
Now handling font encoding PD1 ...
... no UTF-8 mapping file for font encoding PD1
) (/usr/local/texlive/2020/texmf-dist/tex/generic/intcalc/intcalc.sty
Package: intcalc 2019/12/15 v1.3 Expandable calculations with integers (HO)
) (/usr/local/texlive/2020/texmf-dist/tex/generic/etexcmds/etexcmds.sty
Package: etexcmds 2019/12/15 v1.7 Avoid name clashes with e-TeX commands (HO)
)
\Hy@SavedSpaceFactor=\count192
Package hyperref Info: Option `unicode' set `true' on input line 4421.
(/usr/local/texlive/2020/texmf-dist/tex/latex/hyperref/puenc.def
File: puenc.def 2020/01/14 v7.00d Hyperref: PDF Unicode definition (HO)
Now handling font encoding PU ...
... no UTF-8 mapping file for font encoding PU
)
Package hyperref Info: Hyper figures OFF on input line 4547.
Package hyperref Info: Link nesting OFF on input line 4552.
Package hyperref Info: Hyper index ON on input line 4555.
Package hyperref Info: Plain pages OFF on input line 4562.
Package hyperref Info: Backreferencing OFF on input line 4567.
Package hyperref Info: Implicit mode ON; LaTeX internals redefined.
Package hyperref Info: Bookmarks ON on input line 4800.
\c@Hy@tempcnt=\count193
LaTeX Info: Redefining \url on input line 5159.
\XeTeXLinkMargin=\dimen146
(/usr/local/texlive/2020/texmf-dist/tex/generic/bitset/bitset.sty
Package: bitset 2019/12/09 v1.3 Handle bit-vector datatype (HO)
(/usr/local/texlive/2020/texmf-dist/tex/generic/bigintcalc/bigintcalc.sty
Package: bigintcalc 2019/12/15 v1.5 Expandable calculations on big integers (HO
)
))
\Fld@menulength=\count194
\Field@Width=\dimen147
\Fld@charsize=\dimen148
Package hyperref Info: Hyper figures OFF on input line 6430.
Package hyperref Info: Link nesting OFF on input line 6435.
Package hyperref Info: Hyper index ON on input line 6438.
Package hyperref Info: backreferencing OFF on input line 6445.
Package hyperref Info: Link coloring OFF on input line 6450.
Package hyperref Info: Link coloring with OCG OFF on input line 6455.
Package hyperref Info: PDF/A mode OFF on input line 6460.
LaTeX Info: Redefining \ref on input line 6500.
LaTeX Info: Redefining \pageref on input line 6504.
(/usr/local/texlive/2020/texmf-dist/tex/generic/atbegshi/atbegshi.sty
Package: atbegshi 2019/12/05 v1.19 At begin shipout hook (HO)
)
\Hy@abspage=\count195
\c@Item=\count196
\c@Hfootnote=\count197
)
Package hyperref Info: Driver (autodetected): hpdftex.
(/usr/local/texlive/2020/texmf-dist/tex/latex/hyperref/hpdftex.def
File: hpdftex.def 2020/01/14 v7.00d Hyperref driver for pdfTeX
(/usr/local/texlive/2020/texmf-dist/tex/latex/atveryend/atveryend.sty
Package: atveryend 2019-12-11 v1.11 Hooks at the very end of document (HO)
)
\Fld@listcount=\count198
\c@bookmark@seq@number=\count199

(/usr/local/texlive/2020/texmf-dist/tex/latex/rerunfilecheck/rerunfilecheck.sty
Package: rerunfilecheck 2019/12/05 v1.9 Rerun checks for auxiliary files (HO)

(/usr/local/texlive/2020/texmf-dist/tex/generic/uniquecounter/uniquecounter.sty
Package: uniquecounter 2019/12/15 v1.4 Provide unlimited unique counter (HO)
)
Package uniquecounter Info: New unique counter `rerunfilecheck' on input line 2
86.
)
\Hy@SectionHShift=\skip53
) (/usr/local/texlive/2020/texmf-dist/tex/latex/bookmark/bkm-pdftex.def
File: bkm-pdftex.def 2019/12/03 v1.28 bookmark driver for pdfTeX (HO)
\BKM@id=\count266
)) (/usr/local/texlive/2020/texmf-dist/tex/latex/geometry/geometry.sty
Package: geometry 2020/01/02 v5.9 Page Geometry
(/usr/local/texlive/2020/texmf-dist/tex/generic/iftex/ifvtex.sty
Package: ifvtex 2019/10/25 v1.7 ifvtex legacy package. Use iftex instead.
)
\Gm@cnth=\count267
\Gm@cntv=\count268
\c@Gm@tempcnt=\count269
\Gm@bindingoffset=\dimen149
\Gm@wd@mp=\dimen150
\Gm@odd@mp=\dimen151
\Gm@even@mp=\dimen152
\Gm@layoutwidth=\dimen153
\Gm@layoutheight=\dimen154
\Gm@layouthoffset=\dimen155
\Gm@layoutvoffset=\dimen156
\Gm@dimlist=\toks25
) (/usr/local/texlive/2020/texmf-dist/tex/latex/fancyvrb/fancyvrb.sty
Package: fancyvrb 2020/01/13 v3.5 verbatim text (tvz,hv)
\FV@CodeLineNo=\count270
\FV@InFile=\read2
\FV@TabBox=\box47
\c@FancyVerbLine=\count271
\FV@StepNumber=\count272
\FV@OutFile=\write3
) (/usr/local/texlive/2020/texmf-dist/tex/latex/framed/framed.sty
Package: framed 2011/10/22 v 0.96: framed or shaded text with page breaks
\OuterFrameSep=\skip54
\fb@frw=\dimen157
\fb@frh=\dimen158
\FrameRule=\dimen159
\FrameSep=\dimen160
) (/usr/local/texlive/2020/texmf-dist/tex/latex/tools/longtable.sty
Package: longtable 2020/01/07 v4.13 Multi-page Table package (DPC)
\LTleft=\skip55
\LTright=\skip56
\LTpre=\skip57
\LTpost=\skip58
\LTchunksize=\count273
\LTcapwidth=\dimen161
\LT@head=\box48
\LT@firsthead=\box49
\LT@foot=\box50
\LT@lastfoot=\box51
\LT@cols=\count274
\LT@rows=\count275
\c@LT@tables=\count276
\c@LT@chunks=\count277
\LT@p@ftn=\toks26
) (/usr/local/texlive/2020/texmf-dist/tex/latex/booktabs/booktabs.sty
Package: booktabs 2020/01/12 v1.61803398 Publication quality tables
\heavyrulewidth=\dimen162
\lightrulewidth=\dimen163
\cmidrulewidth=\dimen164
\belowrulesep=\dimen165
\belowbottomsep=\dimen166
\aboverulesep=\dimen167
\abovetopsep=\dimen168
\cmidrulesep=\dimen169
\cmidrulekern=\dimen170
\defaultaddspace=\dimen171
\@cmidla=\count278
\@cmidlb=\count279
\@aboverulesep=\dimen172
\@belowrulesep=\dimen173
\@thisruleclass=\count280
\@lastruleclass=\count281
\@thisrulewidth=\dimen174
) (/usr/local/texlive/2020/texmf-dist/tex/latex/footnotehyper/footnotehyper.sty
Package: footnotehyper 2019/11/07 v1.1a hyperref aware footnote.sty (JFB)
\FNH@notes=\box52
\FNH@width=\dimen175
) (/usr/local/texlive/2020/texmf-dist/tex/latex/graphics/graphicx.sty
Package: graphicx 2019/11/30 v1.2a Enhanced LaTeX Graphics (DPC,SPQR)
(/usr/local/texlive/2020/texmf-dist/tex/latex/graphics/graphics.sty
Package: graphics 2019/11/30 v1.4a Standard LaTeX Graphics (DPC,SPQR)
(/usr/local/texlive/2020/texmf-dist/tex/latex/graphics/trig.sty
Package: trig 2016/01/03 v1.10 sin cos tan (DPC)
) (/usr/local/texlive/2020/texmf-dist/tex/latex/graphics-cfg/graphics.cfg
File: graphics.cfg 2016/06/04 v1.11 sample graphics configuration
)
Package graphics Info: Driver file: pdftex.def on input line 105.
)
\Gin@req@height=\dimen176
\Gin@req@width=\dimen177
) (/usr/local/texlive/2020/texmf-dist/tex/latex/grffile/grffile.sty
Package: grffile 2019/11/11 v2.1 Extended file name support for graphics (legac
y)
Package grffile Info: This package is an empty stub for compatibility on input 
line 40.
) (/usr/local/texlive/2020/texmf-dist/tex/generic/babel/babel.sty
Package: babel 2020/03/22 3.42 The Babel package
(/usr/local/texlive/2020/texmf-dist/tex/generic/babel/switch.def
File: switch.def 2020/03/22 3.42 Babel switching mechanism
) (/usr/local/texlive/2020/texmf-dist/tex/generic/babel-french/french.ldf
Language: french 2020/01/30 v3.5g French support from the babel system
(/usr/local/texlive/2020/texmf-dist/tex/generic/babel/babel.def
File: babel.def 2020/03/22 3.42 Babel common definitions
\babel@savecnt=\count282
\U@D=\dimen178
(/usr/local/texlive/2020/texmf-dist/tex/generic/babel/txtbabel.def)
\bbl@readstream=\read3
\bbl@dirlevel=\count283
)
Package babel Info: \l@acadian = using hyphenrules for french
(babel)             (\language28) on input line 91.
Package babel Info: \l@canadien = using hyphenrules for french
(babel)             (\language28) on input line 92.
\FB@nonchar=\count284
Package babel Info: Making : an active character on input line 419.
Package babel Info: Making ; an active character on input line 420.
Package babel Info: Making ! an active character on input line 421.
Package babel Info: Making ? an active character on input line 422.
\FBguill@level=\count285
\FBold@everypar=\toks27
\FB@Mht=\dimen179
\mc@charclass=\count286
\mc@charfam=\count287
\mc@charslot=\count288
\std@mcc=\count289
\dec@mcc=\count290
\c@FBcaption@count=\count291
\listindentFB=\dimen180
\descindentFB=\dimen181
\labelindentFB=\dimen182
\labelwidthFB=\dimen183
\leftmarginFB=\dimen184
\parindentFFN=\dimen185
\FBfnindent=\dimen186
)) (/usr/local/texlive/2020/texmf-dist/tex/latex/carlisle/scalefnt.sty)
Package hyperref Info: Option `colorlinks' set `true' on input line 122.
(/usr/local/texlive/2020/texmf-dist/tex/latex/sectsty/sectsty.sty
Package: sectsty 2002/02/25 v2.0.2 Commands to change all sectional heading sty
les

LaTeX Warning: Command \underbar  has changed.
               Check if current package is valid.


LaTeX Warning: Command \underline  has changed.
               Check if current package is valid.

) (/usr/local/texlive/2020/texmf-dist/tex/latex/enumitem/enumitem.sty
Package: enumitem 2019/06/20 v3.9 Customized lists
\labelindent=\skip59
\enit@outerparindent=\dimen187
\enit@toks=\toks28
\enit@inbox=\box53
\enit@count@id=\count292
\enitdp@description=\count293
) (/usr/local/texlive/2020/texmf-dist/tex/latex/natbib/natbib.sty
Package: natbib 2010/09/13 8.31b (PWD, AO)
\bibhang=\skip60
\bibsep=\skip61
LaTeX Info: Redefining \cite on input line 694.
\c@NAT@ctr=\count294
) (/usr/local/texlive/2020/texmf-dist/tex/latex/amscls/amsthm.sty
Package: amsthm 2017/10/31 v2.20.4
\thm@style=\toks29
\thm@bodyfont=\toks30
\thm@headfont=\toks31
\thm@notefont=\toks32
\thm@headpunct=\toks33
\thm@preskip=\skip62
\thm@postskip=\skip63
\thm@headsep=\skip64
\dth@everypar=\toks34
)
\c@theorem=\count295
\c@lemma=\count296
\c@corollary=\count297
\c@proposition=\count298
\c@conjecture=\count299
\c@definition=\count300
\c@example=\count301
\c@exercise=\count302
(/usr/local/texlive/2020/texmf-dist/tex/latex/l3backend/l3backend-pdfmode.def
File: l3backend-pdfmode.def 2020-03-12 L3 backend support: PDF mode
\l__kernel_color_stack_int=\count303
\l__pdf_internal_box=\box54
) (./TUTO_ML.aux

LaTeX Warning: Label `exr:exo-dondes-comp-reeq' multiply defined.

)
\openout1 = `TUTO_ML.aux'.

LaTeX Font Info:    Checking defaults for OML/cmm/m/it on input line 187.
LaTeX Font Info:    ... okay on input line 187.
LaTeX Font Info:    Checking defaults for OMS/cmsy/m/n on input line 187.
LaTeX Font Info:    ... okay on input line 187.
LaTeX Font Info:    Checking defaults for OT1/cmr/m/n on input line 187.
LaTeX Font Info:    ... okay on input line 187.
LaTeX Font Info:    Checking defaults for T1/cmr/m/n on input line 187.
LaTeX Font Info:    ... okay on input line 187.
LaTeX Font Info:    Checking defaults for TS1/cmr/m/n on input line 187.
LaTeX Font Info:    ... okay on input line 187.
LaTeX Font Info:    Checking defaults for OMX/cmex/m/n on input line 187.
LaTeX Font Info:    ... okay on input line 187.
LaTeX Font Info:    Checking defaults for U/cmr/m/n on input line 187.
LaTeX Font Info:    ... okay on input line 187.
LaTeX Font Info:    Checking defaults for PD1/pdf/m/n on input line 187.
LaTeX Font Info:    ... okay on input line 187.
LaTeX Font Info:    Checking defaults for PU/pdf/m/n on input line 187.
LaTeX Font Info:    ... okay on input line 187.
LaTeX Info: Redefining \microtypecontext on input line 187.
Package microtype Info: Generating PDF output.
Package microtype Info: Character protrusion enabled (level 2).
Package microtype Info: Using protrusion set `basicmath'.
Package microtype Info: Automatic font expansion enabled (level 2),
(microtype)             stretch: 20, shrink: 20, step: 1, non-selected.
Package microtype Info: Using default expansion set `basictext'.
LaTeX Info: Redefining \showhyphens on input line 187.
Package microtype Info: No adjustment of tracking.
Package microtype Info: No adjustment of interword spacing.
Package microtype Info: No adjustment of character kerning.
(/usr/local/texlive/2020/texmf-dist/tex/latex/microtype/mt-cmr.cfg
File: mt-cmr.cfg 2013/05/19 v2.2 microtype config. file: Computer Modern Roman 
(RS)
) (/usr/local/texlive/2020/texmf-dist/tex/context/base/mkii/supp-pdf.mkii
[Loading MPS to PDF converter (version 2006.09.02).]
\scratchcounter=\count304
\scratchdimen=\dimen188
\scratchbox=\box55
\nofMPsegments=\count305
\nofMParguments=\count306
\everyMPshowfont=\toks35
\MPscratchCnt=\count307
\MPscratchDim=\dimen189
\MPnumerator=\count308
\makeMPintoPDFobject=\count309
\everyMPtoPDFconversion=\toks36
) (/usr/local/texlive/2020/texmf-dist/tex/latex/epstopdf-pkg/epstopdf-base.sty
Package: epstopdf-base 2020-01-24 v2.11 Base part for package epstopdf
Package epstopdf-base Info: Redefining graphics rule for `.eps' on input line 4
85.
(/usr/local/texlive/2020/texmf-dist/tex/latex/latexconfig/epstopdf-sys.cfg
File: epstopdf-sys.cfg 2010/07/13 v1.3 Configuration of (r)epstopdf for TeX Liv
e
))
\AtBeginShipoutBox=\box56
Package hyperref Info: Link coloring ON on input line 187.
(/usr/local/texlive/2020/texmf-dist/tex/latex/hyperref/nameref.sty
Package: nameref 2019/09/16 v2.46 Cross-referencing by name of section
(/usr/local/texlive/2020/texmf-dist/tex/latex/refcount/refcount.sty
Package: refcount 2019/12/15 v3.6 Data extraction from label references (HO)
)
(/usr/local/texlive/2020/texmf-dist/tex/generic/gettitlestring/gettitlestring.s
ty
Package: gettitlestring 2019/12/15 v1.6 Cleanup title references (HO)
)
\c@section@level=\count310
)
LaTeX Info: Redefining \ref on input line 187.
LaTeX Info: Redefining \pageref on input line 187.
LaTeX Info: Redefining \nameref on input line 187.
*geometry* driver: auto-detecting
*geometry* detected driver: pdftex
*geometry* verbose mode - [ preamble ] result:
* driver: pdftex
* paper: <default>
* layout: <same size as paper>
* layoutoffset:(h,v)=(0.0pt,0.0pt)
* modes: 
* h-part:(L,W,R)=(72.26999pt, 469.75502pt, 72.26999pt)
* v-part:(T,H,B)=(72.26999pt, 650.43001pt, 72.26999pt)
* \paperwidth=614.295pt
* \paperheight=794.96999pt
* \textwidth=469.75502pt
* \textheight=650.43001pt
* \oddsidemargin=0.0pt
* \evensidemargin=0.0pt
* \topmargin=-37.0pt
* \headheight=12.0pt
* \headsep=25.0pt
* \topskip=10.0pt
* \footskip=30.0pt
* \marginparwidth=65.0pt
* \marginparsep=11.0pt
* \columnsep=10.0pt
* \skip\footins=9.0pt plus 4.0pt minus 2.0pt
* \hoffset=0.0pt
* \voffset=0.0pt
* \mag=1000
* \@twocolumnfalse
* \@twosidefalse
* \@mparswitchfalse
* \@reversemarginfalse
* (1in=72.27pt=25.4mm, 1cm=28.453pt)

LaTeX Info: Redefining \degres on input line 187.
LaTeX Info: Redefining \dots on input line 187.

Package french.ldf Warning: Please load the "natbib" package
(french.ldf)                BEFORE babel/french; reported on input line 187.

Package french.ldf Info: Setting StandardItemizeEnv=true for
(french.ldf)             compatibility with enumitem package,
(french.ldf)             reported on input line 187.
Package french.ldf Info: Setting StandardEnumerateEnv=true for
(french.ldf)             compatibility with enumitem package,
(french.ldf)             reported on input line 187.
LaTeX Info: Redefining \up on input line 187.
LaTeX Font Info:    Trying to load font information for OT1+lmr on input line 1
89.
(/usr/local/texlive/2020/texmf-dist/tex/latex/lm/ot1lmr.fd
File: ot1lmr.fd 2009/10/30 v1.6 Font defs for Latin Modern
)
LaTeX Font Info:    Trying to load font information for OML+lmm on input line 1
89.
(/usr/local/texlive/2020/texmf-dist/tex/latex/lm/omllmm.fd
File: omllmm.fd 2009/10/30 v1.6 Font defs for Latin Modern
)
LaTeX Font Info:    Trying to load font information for OMS+lmsy on input line 
189.
(/usr/local/texlive/2020/texmf-dist/tex/latex/lm/omslmsy.fd
File: omslmsy.fd 2009/10/30 v1.6 Font defs for Latin Modern
)
LaTeX Font Info:    Trying to load font information for OMX+lmex on input line 
189.
(/usr/local/texlive/2020/texmf-dist/tex/latex/lm/omxlmex.fd
File: omxlmex.fd 2009/10/30 v1.6 Font defs for Latin Modern
)
LaTeX Font Info:    External font `lmex10' loaded for size
(Font)              <12> on input line 189.
LaTeX Font Info:    External font `lmex10' loaded for size
(Font)              <8> on input line 189.
LaTeX Font Info:    External font `lmex10' loaded for size
(Font)              <6> on input line 189.
LaTeX Font Info:    Trying to load font information for U+msa on input line 189
.
(/usr/local/texlive/2020/texmf-dist/tex/latex/amsfonts/umsa.fd
File: umsa.fd 2013/01/14 v3.01 AMS symbols A
) (/usr/local/texlive/2020/texmf-dist/tex/latex/microtype/mt-msa.cfg
File: mt-msa.cfg 2006/02/04 v1.1 microtype config. file: AMS symbols (a) (RS)
)
LaTeX Font Info:    Trying to load font information for U+msb on input line 189
.
(/usr/local/texlive/2020/texmf-dist/tex/latex/amsfonts/umsb.fd
File: umsb.fd 2013/01/14 v3.01 AMS symbols B
) (/usr/local/texlive/2020/texmf-dist/tex/latex/microtype/mt-msb.cfg
File: mt-msb.cfg 2005/06/01 v1.0 microtype config. file: AMS symbols (b) (RS)
) (./TUTO_ML.toc
LaTeX Font Info:    External font `lmex10' loaded for size
(Font)              <10> on input line 5.
LaTeX Font Info:    External font `lmex10' loaded for size
(Font)              <7> on input line 5.
LaTeX Font Info:    External font `lmex10' loaded for size
(Font)              <5> on input line 5.
[1

{/usr/local/texlive/2020/texmf-var/fonts/map/pdftex/updmap/pdftex.map}])
\tf@toc=\write4
\openout4 = `TUTO_ML.toc'.

LaTeX Font Info:    Trying to load font information for T1+lmtt on input line 2
36.
(/usr/local/texlive/2020/texmf-dist/tex/latex/lm/t1lmtt.fd
File: t1lmtt.fd 2009/10/30 v1.6 Font defs for Latin Modern
) [2]
LaTeX Font Info:    Font shape `T1/lmtt/bx/n' in size <10> not available
(Font)              Font shape `T1/lmtt/b/n' tried instead on input line 273.
<TUTO_ML_files/figure-latex/unnamed-chunk-8-1.pdf, id=109, 453.695pt x 313.17pt
>
File: TUTO_ML_files/figure-latex/unnamed-chunk-8-1.pdf Graphic file (type pdf)
<use TUTO_ML_files/figure-latex/unnamed-chunk-8-1.pdf>
Package pdftex.def Info: TUTO_ML_files/figure-latex/unnamed-chunk-8-1.pdf  used
 on input line 290.
(pdftex.def)             Requested size: 453.6939pt x 313.16922pt.
[3] [4 <./TUTO_ML_files/figure-latex/unnamed-chunk-8-1.pdf>] [5]
LaTeX Font Info:    Trying to load font information for TS1+lmtt on input line 
492.
(/usr/local/texlive/2020/texmf-dist/tex/latex/lm/ts1lmtt.fd
File: ts1lmtt.fd 2009/10/30 v1.6 Font defs for Latin Modern
) [6]
<TUTO_ML_files/figure-latex/unnamed-chunk-23-1.pdf, id=150, 446.66875pt x 288.0
7625pt>
File: TUTO_ML_files/figure-latex/unnamed-chunk-23-1.pdf Graphic file (type pdf)

<use TUTO_ML_files/figure-latex/unnamed-chunk-23-1.pdf>
Package pdftex.def Info: TUTO_ML_files/figure-latex/unnamed-chunk-23-1.pdf  use
d on input line 533.
(pdftex.def)             Requested size: 444.76608pt x 286.84912pt.
[7 <./TUTO_ML_files/figure-latex/unnamed-chunk-23-1.pdf>] [8] [9] [10]
<TUTO_ML_files/figure-latex/unnamed-chunk-37-1.pdf, id=190, 343.2825pt x 316.18
124pt>
File: TUTO_ML_files/figure-latex/unnamed-chunk-37-1.pdf Graphic file (type pdf)

<use TUTO_ML_files/figure-latex/unnamed-chunk-37-1.pdf>
Package pdftex.def Info: TUTO_ML_files/figure-latex/unnamed-chunk-37-1.pdf  use
d on input line 810.
(pdftex.def)             Requested size: 343.28165pt x 316.18047pt.
<TUTO_ML_files/figure-latex/unnamed-chunk-37-2.pdf, id=191, 312.16624pt x 316.1
8124pt>
File: TUTO_ML_files/figure-latex/unnamed-chunk-37-2.pdf Graphic file (type pdf)

<use TUTO_ML_files/figure-latex/unnamed-chunk-37-2.pdf>
Package pdftex.def Info: TUTO_ML_files/figure-latex/unnamed-chunk-37-2.pdf  use
d on input line 812.
(pdftex.def)             Requested size: 312.17024pt x 316.18529pt.
[11 <./TUTO_ML_files/figure-latex/unnamed-chunk-37-1.pdf>]
<TUTO_ML_files/figure-latex/unnamed-chunk-38-1.pdf, id=208, 406.51875pt x 316.1
8124pt>
File: TUTO_ML_files/figure-latex/unnamed-chunk-38-1.pdf Graphic file (type pdf)

<use TUTO_ML_files/figure-latex/unnamed-chunk-38-1.pdf>
Package pdftex.def Info: TUTO_ML_files/figure-latex/unnamed-chunk-38-1.pdf  use
d on input line 822.
(pdftex.def)             Requested size: 406.53015pt x 316.19011pt.
[12 <./TUTO_ML_files/figure-latex/unnamed-chunk-37-2.pdf>]
<TUTO_ML_files/figure-latex/unnamed-chunk-40-1.pdf, id=222, 437.635pt x 248.93p
t>
File: TUTO_ML_files/figure-latex/unnamed-chunk-40-1.pdf Graphic file (type pdf)

<use TUTO_ML_files/figure-latex/unnamed-chunk-40-1.pdf>
Package pdftex.def Info: TUTO_ML_files/figure-latex/unnamed-chunk-40-1.pdf  use
d on input line 841.
(pdftex.def)             Requested size: 437.6406pt x 248.93317pt.
[13 <./TUTO_ML_files/figure-latex/unnamed-chunk-38-1.pdf>]
<TUTO_ML_files/figure-latex/unnamed-chunk-46-1.pdf, id=239, 417.56pt x 277.035p
t>
File: TUTO_ML_files/figure-latex/unnamed-chunk-46-1.pdf Graphic file (type pdf)

<use TUTO_ML_files/figure-latex/unnamed-chunk-46-1.pdf>
Package pdftex.def Info: TUTO_ML_files/figure-latex/unnamed-chunk-46-1.pdf  use
d on input line 883.
(pdftex.def)             Requested size: 417.55896pt x 277.03432pt.
[14 <./TUTO_ML_files/figure-latex/unnamed-chunk-40-1.pdf>]
<TUTO_ML_files/figure-latex/unnamed-chunk-46-2.pdf, id=254, 429.605pt x 282.053
76pt>
File: TUTO_ML_files/figure-latex/unnamed-chunk-46-2.pdf Graphic file (type pdf)

<use TUTO_ML_files/figure-latex/unnamed-chunk-46-2.pdf>
Package pdftex.def Info: TUTO_ML_files/figure-latex/unnamed-chunk-46-2.pdf  use
d on input line 891.
(pdftex.def)             Requested size: 429.61049pt x 282.05736pt.
[15 <./TUTO_ML_files/figure-latex/unnamed-chunk-46-1.pdf> <./TUTO_ML_files/figu
re-latex/unnamed-chunk-46-2.pdf>] [16]
<TUTO_ML_files/figure-latex/unnamed-chunk-65-1.pdf, id=283, 453.695pt x 313.17p
t>
File: TUTO_ML_files/figure-latex/unnamed-chunk-65-1.pdf Graphic file (type pdf)

<use TUTO_ML_files/figure-latex/unnamed-chunk-65-1.pdf>
Package pdftex.def Info: TUTO_ML_files/figure-latex/unnamed-chunk-65-1.pdf  use
d on input line 1027.
(pdftex.def)             Requested size: 444.75653pt x 307.00006pt.
<TUTO_ML_files/figure-latex/unnamed-chunk-67-1.pdf, id=284, 453.695pt x 313.17p
t>
File: TUTO_ML_files/figure-latex/unnamed-chunk-67-1.pdf Graphic file (type pdf)

<use TUTO_ML_files/figure-latex/unnamed-chunk-67-1.pdf>
Package pdftex.def Info: TUTO_ML_files/figure-latex/unnamed-chunk-67-1.pdf  use
d on input line 1050.
(pdftex.def)             Requested size: 444.75653pt x 307.00006pt.
[17 <./TUTO_ML_files/figure-latex/unnamed-chunk-65-1.pdf>]
<TUTO_ML_files/figure-latex/unnamed-chunk-67-2.pdf, id=297, 453.695pt x 313.17p
t>
File: TUTO_ML_files/figure-latex/unnamed-chunk-67-2.pdf Graphic file (type pdf)

<use TUTO_ML_files/figure-latex/unnamed-chunk-67-2.pdf>
Package pdftex.def Info: TUTO_ML_files/figure-latex/unnamed-chunk-67-2.pdf  use
d on input line 1058.
(pdftex.def)             Requested size: 444.75653pt x 307.00006pt.
[18 <./TUTO_ML_files/figure-latex/unnamed-chunk-67-1.pdf>]
<TUTO_ML_files/figure-latex/unnamed-chunk-67-3.pdf, id=310, 453.695pt x 313.17p
t>
File: TUTO_ML_files/figure-latex/unnamed-chunk-67-3.pdf Graphic file (type pdf)

<use TUTO_ML_files/figure-latex/unnamed-chunk-67-3.pdf>
Package pdftex.def Info: TUTO_ML_files/figure-latex/unnamed-chunk-67-3.pdf  use
d on input line 1066.
(pdftex.def)             Requested size: 444.75653pt x 307.00006pt.
[19 <./TUTO_ML_files/figure-latex/unnamed-chunk-67-2.pdf>]
<TUTO_ML_files/figure-latex/unnamed-chunk-71-1.pdf, id=323, 391.4625pt x 316.18
124pt>
File: TUTO_ML_files/figure-latex/unnamed-chunk-71-1.pdf Graphic file (type pdf)

<use TUTO_ML_files/figure-latex/unnamed-chunk-71-1.pdf>
Package pdftex.def Info: TUTO_ML_files/figure-latex/unnamed-chunk-71-1.pdf  use
d on input line 1091.
(pdftex.def)             Requested size: 391.48541pt x 316.19975pt.
[20 <./TUTO_ML_files/figure-latex/unnamed-chunk-67-3.pdf>]
<TUTO_ML_files/figure-latex/unnamed-chunk-71-2.pdf, id=336, 312.16624pt x 316.1
8124pt>
File: TUTO_ML_files/figure-latex/unnamed-chunk-71-2.pdf Graphic file (type pdf)

<use TUTO_ML_files/figure-latex/unnamed-chunk-71-2.pdf>
Package pdftex.def Info: TUTO_ML_files/figure-latex/unnamed-chunk-71-2.pdf  use
d on input line 1093.
(pdftex.def)             Requested size: 312.17024pt x 316.18529pt.
[21 <./TUTO_ML_files/figure-latex/unnamed-chunk-71-1.pdf> <./TUTO_ML_files/figu
re-latex/unnamed-chunk-71-2.pdf>]
<TUTO_ML_files/figure-latex/unnamed-chunk-71-3.pdf, id=358, 437.635pt x 316.181
24pt>
File: TUTO_ML_files/figure-latex/unnamed-chunk-71-3.pdf Graphic file (type pdf)

<use TUTO_ML_files/figure-latex/unnamed-chunk-71-3.pdf>
Package pdftex.def Info: TUTO_ML_files/figure-latex/unnamed-chunk-71-3.pdf  use
d on input line 1101.
(pdftex.def)             Requested size: 437.6406pt x 316.18529pt.
[22 <./TUTO_ML_files/figure-latex/unnamed-chunk-71-3.pdf>]
<TUTO_ML_files/figure-latex/unnamed-chunk-81-1.pdf, id=376, 453.695pt x 313.17p
t>
File: TUTO_ML_files/figure-latex/unnamed-chunk-81-1.pdf Graphic file (type pdf)

<use TUTO_ML_files/figure-latex/unnamed-chunk-81-1.pdf>
Package pdftex.def Info: TUTO_ML_files/figure-latex/unnamed-chunk-81-1.pdf  use
d on input line 1203.
(pdftex.def)             Requested size: 444.75653pt x 307.00006pt.
[23] [24 <./TUTO_ML_files/figure-latex/unnamed-chunk-81-1.pdf>] [25] [26]
Overfull \vbox (3.99054pt too high) detected at line 1475
 []

[27] [28] [29] [30]
<TUTO_ML_files/figure-latex/unnamed-chunk-115-1.pdf, id=460, 459.7175pt x 313.1
7pt>
File: TUTO_ML_files/figure-latex/unnamed-chunk-115-1.pdf Graphic file (type pdf
)
<use TUTO_ML_files/figure-latex/unnamed-chunk-115-1.pdf>
Package pdftex.def Info: TUTO_ML_files/figure-latex/unnamed-chunk-115-1.pdf  us
ed on input line 1694.
(pdftex.def)             Requested size: 459.7304pt x 313.17877pt.
[31]
<TUTO_ML_files/figure-latex/unnamed-chunk-118-1.pdf, id=468, 196.735pt x 78.292
5pt>
File: TUTO_ML_files/figure-latex/unnamed-chunk-118-1.pdf Graphic file (type pdf
)
<use TUTO_ML_files/figure-latex/unnamed-chunk-118-1.pdf>
Package pdftex.def Info: TUTO_ML_files/figure-latex/unnamed-chunk-118-1.pdf  us
ed on input line 1722.
(pdftex.def)             Requested size: 196.7345pt x 78.2923pt.
<TUTO_ML_files/figure-latex/unnamed-chunk-118-2.pdf, id=469, 198.7425pt x 135.5
0626pt>
File: TUTO_ML_files/figure-latex/unnamed-chunk-118-2.pdf Graphic file (type pdf
)
<use TUTO_ML_files/figure-latex/unnamed-chunk-118-2.pdf>
Package pdftex.def Info: TUTO_ML_files/figure-latex/unnamed-chunk-118-2.pdf  us
ed on input line 1730.
(pdftex.def)             Requested size: 198.74806pt x 135.51004pt.
[32 <./TUTO_ML_files/figure-latex/unnamed-chunk-115-1.pdf> <./TUTO_ML_files/fig
ure-latex/unnamed-chunk-118-1.pdf>]
<TUTO_ML_files/figure-latex/unnamed-chunk-121-1.pdf, id=492, 459.7175pt x 313.1
7pt>
File: TUTO_ML_files/figure-latex/unnamed-chunk-121-1.pdf Graphic file (type pdf
)
<use TUTO_ML_files/figure-latex/unnamed-chunk-121-1.pdf>
Package pdftex.def Info: TUTO_ML_files/figure-latex/unnamed-chunk-121-1.pdf  us
ed on input line 1757.
(pdftex.def)             Requested size: 444.78203pt x 302.9956pt.
[33 <./TUTO_ML_files/figure-latex/unnamed-chunk-118-2.pdf> <./TUTO_ML_files/fig
ure-latex/unnamed-chunk-121-1.pdf>]
<TUTO_ML_files/figure-latex/unnamed-chunk-122-1.pdf, id=516, 440.64626pt x 300.
12125pt>
File: TUTO_ML_files/figure-latex/unnamed-chunk-122-1.pdf Graphic file (type pdf
)
<use TUTO_ML_files/figure-latex/unnamed-chunk-122-1.pdf>
Package pdftex.def Info: TUTO_ML_files/figure-latex/unnamed-chunk-122-1.pdf  us
ed on input line 1783.
(pdftex.def)             Requested size: 440.66533pt x 300.13425pt.
<TUTO_ML_files/figure-latex/unnamed-chunk-123-1.pdf, id=517, 304.13625pt x 236.
885pt>
File: TUTO_ML_files/figure-latex/unnamed-chunk-123-1.pdf Graphic file (type pdf
)
<use TUTO_ML_files/figure-latex/unnamed-chunk-123-1.pdf>
Package pdftex.def Info: TUTO_ML_files/figure-latex/unnamed-chunk-123-1.pdf  us
ed on input line 1797.
(pdftex.def)             Requested size: 304.14478pt x 236.89163pt.
[34 <./TUTO_ML_files/figure-latex/unnamed-chunk-122-1.pdf>]
<TUTO_ML_files/figure-latex/unnamed-chunk-125-1.pdf, id=532, 198.7425pt x 164.6
15pt>
File: TUTO_ML_files/figure-latex/unnamed-chunk-125-1.pdf Graphic file (type pdf
)
<use TUTO_ML_files/figure-latex/unnamed-chunk-125-1.pdf>
Package pdftex.def Info: TUTO_ML_files/figure-latex/unnamed-chunk-125-1.pdf  us
ed on input line 1814.
(pdftex.def)             Requested size: 198.74806pt x 164.61961pt.
<TUTO_ML_files/figure-latex/unnamed-chunk-128-1.pdf, id=533, 453.695pt x 313.17
pt>
File: TUTO_ML_files/figure-latex/unnamed-chunk-128-1.pdf Graphic file (type pdf
)
<use TUTO_ML_files/figure-latex/unnamed-chunk-128-1.pdf>
Package pdftex.def Info: TUTO_ML_files/figure-latex/unnamed-chunk-128-1.pdf  us
ed on input line 1839.
(pdftex.def)             Requested size: 444.75653pt x 307.00006pt.
[35 <./TUTO_ML_files/figure-latex/unnamed-chunk-123-1.pdf> <./TUTO_ML_files/fig
ure-latex/unnamed-chunk-125-1.pdf>]
<TUTO_ML_files/figure-latex/unnamed-chunk-130-1.pdf, id=558, 198.7425pt x 164.6
15pt>
File: TUTO_ML_files/figure-latex/unnamed-chunk-130-1.pdf Graphic file (type pdf
)
<use TUTO_ML_files/figure-latex/unnamed-chunk-130-1.pdf>
Package pdftex.def Info: TUTO_ML_files/figure-latex/unnamed-chunk-130-1.pdf  us
ed on input line 1873.
(pdftex.def)             Requested size: 198.74806pt x 164.61961pt.
[36 <./TUTO_ML_files/figure-latex/unnamed-chunk-128-1.pdf>] [37 <./TUTO_ML_file
s/figure-latex/unnamed-chunk-130-1.pdf>]
<TUTO_ML_files/figure-latex/unnamed-chunk-133-1.pdf, id=593, 407.5225pt x 276.0
3125pt>
File: TUTO_ML_files/figure-latex/unnamed-chunk-133-1.pdf Graphic file (type pdf
)
<use TUTO_ML_files/figure-latex/unnamed-chunk-133-1.pdf>
Package pdftex.def Info: TUTO_ML_files/figure-latex/unnamed-chunk-133-1.pdf  us
ed on input line 1961.
(pdftex.def)             Requested size: 407.54015pt x 276.0432pt.
[38 <./TUTO_ML_files/figure-latex/unnamed-chunk-133-1.pdf>] [39] [40] [41] [42]
[43] [44]
<TUTO_ML_files/figure-latex/unnamed-chunk-140-1.pdf, id=635, 440.64626pt x 305.
14pt>
File: TUTO_ML_files/figure-latex/unnamed-chunk-140-1.pdf Graphic file (type pdf
)
<use TUTO_ML_files/figure-latex/unnamed-chunk-140-1.pdf>
Package pdftex.def Info: TUTO_ML_files/figure-latex/unnamed-chunk-140-1.pdf  us
ed on input line 2387.
(pdftex.def)             Requested size: 440.66533pt x 305.1532pt.
[45]
<TUTO_ML_files/figure-latex/unnamed-chunk-144-1.pdf, id=641, 407.5225pt x 276.0
3125pt>
File: TUTO_ML_files/figure-latex/unnamed-chunk-144-1.pdf Graphic file (type pdf
)
<use TUTO_ML_files/figure-latex/unnamed-chunk-144-1.pdf>
Package pdftex.def Info: TUTO_ML_files/figure-latex/unnamed-chunk-144-1.pdf  us
ed on input line 2421.
(pdftex.def)             Requested size: 407.54015pt x 276.0432pt.
[46 <./TUTO_ML_files/figure-latex/unnamed-chunk-140-1.pdf>]
<TUTO_ML_files/figure-latex/unnamed-chunk-146-1.pdf, id=655, 391.4625pt x 601.2
4625pt>
File: TUTO_ML_files/figure-latex/unnamed-chunk-146-1.pdf Graphic file (type pdf
)
<use TUTO_ML_files/figure-latex/unnamed-chunk-146-1.pdf>
Package pdftex.def Info: TUTO_ML_files/figure-latex/unnamed-chunk-146-1.pdf  us
ed on input line 2435.
(pdftex.def)             Requested size: 391.48541pt x 601.28145pt.
[47 <./TUTO_ML_files/figure-latex/unnamed-chunk-144-1.pdf>] [48 <./TUTO_ML_file
s/figure-latex/unnamed-chunk-146-1.pdf>] [49] [50] [51] [52] [53] [54]
<TUTO_ML_files/figure-latex/unnamed-chunk-166-1.pdf, id=727, 409.53pt x 276.031
25pt>
File: TUTO_ML_files/figure-latex/unnamed-chunk-166-1.pdf Graphic file (type pdf
)
<use TUTO_ML_files/figure-latex/unnamed-chunk-166-1.pdf>
Package pdftex.def Info: TUTO_ML_files/figure-latex/unnamed-chunk-166-1.pdf  us
ed on input line 2861.
(pdftex.def)             Requested size: 409.55399pt x 276.04741pt.
[55 <./TUTO_ML_files/figure-latex/unnamed-chunk-166-1.pdf>]
<TUTO_ML_files/figure-latex/unnamed-chunk-173-1.pdf, id=744, 440.64626pt x 305.
14pt>
File: TUTO_ML_files/figure-latex/unnamed-chunk-173-1.pdf Graphic file (type pdf
)
<use TUTO_ML_files/figure-latex/unnamed-chunk-173-1.pdf>
Package pdftex.def Info: TUTO_ML_files/figure-latex/unnamed-chunk-173-1.pdf  us
ed on input line 2972.
(pdftex.def)             Requested size: 440.66533pt x 305.1532pt.
[56]
<TUTO_ML_files/figure-latex/unnamed-chunk-173-2.pdf, id=750, 409.53pt x 276.031
25pt>
File: TUTO_ML_files/figure-latex/unnamed-chunk-173-2.pdf Graphic file (type pdf
)
<use TUTO_ML_files/figure-latex/unnamed-chunk-173-2.pdf>
Package pdftex.def Info: TUTO_ML_files/figure-latex/unnamed-chunk-173-2.pdf  us
ed on input line 2983.
(pdftex.def)             Requested size: 409.55399pt x 276.04741pt.
[57 <./TUTO_ML_files/figure-latex/unnamed-chunk-173-1.pdf> <./TUTO_ML_files/fig
ure-latex/unnamed-chunk-173-2.pdf>] [58] [59]
<TUTO_ML_files/figure-latex/unnamed-chunk-182-1.pdf, id=785, 452.69125pt x 313.
17pt>
File: TUTO_ML_files/figure-latex/unnamed-chunk-182-1.pdf Graphic file (type pdf
)
<use TUTO_ML_files/figure-latex/unnamed-chunk-182-1.pdf>
Package pdftex.def Info: TUTO_ML_files/figure-latex/unnamed-chunk-182-1.pdf  us
ed on input line 3157.
(pdftex.def)             Requested size: 452.69014pt x 313.16922pt.
[60]
<TUTO_ML_files/figure-latex/unnamed-chunk-188-1.pdf, id=790, 452.69125pt x 313.
17pt>
File: TUTO_ML_files/figure-latex/unnamed-chunk-188-1.pdf Graphic file (type pdf
)
<use TUTO_ML_files/figure-latex/unnamed-chunk-188-1.pdf>
Package pdftex.def Info: TUTO_ML_files/figure-latex/unnamed-chunk-188-1.pdf  us
ed on input line 3206.
(pdftex.def)             Requested size: 444.75342pt x 307.67862pt.
[61 <./TUTO_ML_files/figure-latex/unnamed-chunk-182-1.pdf>]
<TUTO_ML_files/figure-latex/unnamed-chunk-189-1.pdf, id=804, 432.61626pt x 283.
0575pt>
File: TUTO_ML_files/figure-latex/unnamed-chunk-189-1.pdf Graphic file (type pdf
)
<use TUTO_ML_files/figure-latex/unnamed-chunk-189-1.pdf>
Package pdftex.def Info: TUTO_ML_files/figure-latex/unnamed-chunk-189-1.pdf  us
ed on input line 3216.
(pdftex.def)             Requested size: 432.635pt x 283.06975pt.
[62 <./TUTO_ML_files/figure-latex/unnamed-chunk-188-1.pdf> <./TUTO_ML_files/fig
ure-latex/unnamed-chunk-189-1.pdf>] [63] [64]
<TUTO_ML_files/figure-latex/unnamed-chunk-201-1.pdf, id=841, 453.695pt x 313.17
pt>
File: TUTO_ML_files/figure-latex/unnamed-chunk-201-1.pdf Graphic file (type pdf
)
<use TUTO_ML_files/figure-latex/unnamed-chunk-201-1.pdf>
Package pdftex.def Info: TUTO_ML_files/figure-latex/unnamed-chunk-201-1.pdf  us
ed on input line 3408.
(pdftex.def)             Requested size: 453.6939pt x 313.16922pt.
[65 <./TUTO_ML_files/figure-latex/unnamed-chunk-201-1.pdf>]
<TUTO_ML_files/figure-latex/trace-trois-svm-1.pdf, id=856, 433.62pt x 283.0575p
t>
File: TUTO_ML_files/figure-latex/trace-trois-svm-1.pdf Graphic file (type pdf)
<use TUTO_ML_files/figure-latex/trace-trois-svm-1.pdf>
Package pdftex.def Info: TUTO_ML_files/figure-latex/trace-trois-svm-1.pdf  used
 on input line 3444.
(pdftex.def)             Requested size: 433.63878pt x 283.06975pt.
<TUTO_ML_files/figure-latex/trace-trois-svm-2.pdf, id=857, 433.62pt x 283.0575p
t>
File: TUTO_ML_files/figure-latex/trace-trois-svm-2.pdf Graphic file (type pdf)
<use TUTO_ML_files/figure-latex/trace-trois-svm-2.pdf>
Package pdftex.def Info: TUTO_ML_files/figure-latex/trace-trois-svm-2.pdf  used
 on input line 3452.
(pdftex.def)             Requested size: 433.63878pt x 283.06975pt.
[66 <./TUTO_ML_files/figure-latex/trace-trois-svm-1.pdf> <./TUTO_ML_files/figur
e-latex/trace-trois-svm-2.pdf>]
<TUTO_ML_files/figure-latex/trace-trois-svm-3.pdf, id=878, 433.62pt x 283.0575p
t>
File: TUTO_ML_files/figure-latex/trace-trois-svm-3.pdf Graphic file (type pdf)
<use TUTO_ML_files/figure-latex/trace-trois-svm-3.pdf>
Package pdftex.def Info: TUTO_ML_files/figure-latex/trace-trois-svm-3.pdf  used
 on input line 3460.
(pdftex.def)             Requested size: 433.63878pt x 283.06975pt.
[67 <./TUTO_ML_files/figure-latex/trace-trois-svm-3.pdf>]
<TUTO_ML_files/figure-latex/unnamed-chunk-206-1.pdf, id=893, 453.695pt x 313.17
pt>
File: TUTO_ML_files/figure-latex/unnamed-chunk-206-1.pdf Graphic file (type pdf
)
<use TUTO_ML_files/figure-latex/unnamed-chunk-206-1.pdf>
Package pdftex.def Info: TUTO_ML_files/figure-latex/unnamed-chunk-206-1.pdf  us
ed on input line 3521.
(pdftex.def)             Requested size: 453.6939pt x 313.16922pt.
<TUTO_ML_files/figure-latex/unnamed-chunk-207-1.pdf, id=894, 433.62pt x 283.057
5pt>
File: TUTO_ML_files/figure-latex/unnamed-chunk-207-1.pdf Graphic file (type pdf
)
<use TUTO_ML_files/figure-latex/unnamed-chunk-207-1.pdf>
Package pdftex.def Info: TUTO_ML_files/figure-latex/unnamed-chunk-207-1.pdf  us
ed on input line 3535.
(pdftex.def)             Requested size: 433.63878pt x 283.06975pt.
[68 <./TUTO_ML_files/figure-latex/unnamed-chunk-206-1.pdf>]
<TUTO_ML_files/figure-latex/unnamed-chunk-209-1.pdf, id=907, 433.62pt x 283.057
5pt>
File: TUTO_ML_files/figure-latex/unnamed-chunk-209-1.pdf Graphic file (type pdf
)
<use TUTO_ML_files/figure-latex/unnamed-chunk-209-1.pdf>
Package pdftex.def Info: TUTO_ML_files/figure-latex/unnamed-chunk-209-1.pdf  us
ed on input line 3551.
(pdftex.def)             Requested size: 433.63878pt x 283.06975pt.
[69 <./TUTO_ML_files/figure-latex/unnamed-chunk-207-1.pdf> <./TUTO_ML_files/fig
ure-latex/unnamed-chunk-209-1.pdf>]
<TUTO_ML_files/figure-latex/svm-test-gamma-cost-1.pdf, id=929, 433.62pt x 283.0
575pt>
File: TUTO_ML_files/figure-latex/svm-test-gamma-cost-1.pdf Graphic file (type p
df)
<use TUTO_ML_files/figure-latex/svm-test-gamma-cost-1.pdf>
Package pdftex.def Info: TUTO_ML_files/figure-latex/svm-test-gamma-cost-1.pdf  
used on input line 3570.
(pdftex.def)             Requested size: 433.63878pt x 283.06975pt.
<TUTO_ML_files/figure-latex/svm-test-gamma-cost-2.pdf, id=930, 433.62pt x 283.0
575pt>
File: TUTO_ML_files/figure-latex/svm-test-gamma-cost-2.pdf Graphic file (type p
df)
<use TUTO_ML_files/figure-latex/svm-test-gamma-cost-2.pdf>
Package pdftex.def Info: TUTO_ML_files/figure-latex/svm-test-gamma-cost-2.pdf  
used on input line 3578.
(pdftex.def)             Requested size: 433.63878pt x 283.06975pt.
[70 <./TUTO_ML_files/figure-latex/svm-test-gamma-cost-1.pdf>]
<TUTO_ML_files/figure-latex/svm-test-gamma-cost-3.pdf, id=944, 433.62pt x 283.0
575pt>
File: TUTO_ML_files/figure-latex/svm-test-gamma-cost-3.pdf Graphic file (type p
df)
<use TUTO_ML_files/figure-latex/svm-test-gamma-cost-3.pdf>
Package pdftex.def Info: TUTO_ML_files/figure-latex/svm-test-gamma-cost-3.pdf  
used on input line 3586.
(pdftex.def)             Requested size: 433.63878pt x 283.06975pt.
[71 <./TUTO_ML_files/figure-latex/svm-test-gamma-cost-2.pdf> <./TUTO_ML_files/f
igure-latex/svm-test-gamma-cost-3.pdf>] [72]
Underfull \vbox (badness 10000) detected at line 3719
 []


Underfull \vbox (badness 10000) detected at line 3719
 []

[73] [74]
<TUTO_ML_files/figure-latex/unnamed-chunk-219-1.pdf, id=981, 434.62375pt x 283.
0575pt>
File: TUTO_ML_files/figure-latex/unnamed-chunk-219-1.pdf Graphic file (type pdf
)
<use TUTO_ML_files/figure-latex/unnamed-chunk-219-1.pdf>
Package pdftex.def Info: TUTO_ML_files/figure-latex/unnamed-chunk-219-1.pdf  us
ed on input line 3811.
(pdftex.def)             Requested size: 434.6492pt x 283.07407pt.
[75 <./TUTO_ML_files/figure-latex/unnamed-chunk-219-1.pdf>]
<TUTO_ML_files/figure-latex/unnamed-chunk-220-1.pdf, id=996, 459.7175pt x 313.1
7pt>
File: TUTO_ML_files/figure-latex/unnamed-chunk-220-1.pdf Graphic file (type pdf
)
<use TUTO_ML_files/figure-latex/unnamed-chunk-220-1.pdf>
Package pdftex.def Info: TUTO_ML_files/figure-latex/unnamed-chunk-220-1.pdf  us
ed on input line 3851.
(pdftex.def)             Requested size: 459.7304pt x 313.17877pt.
[76]
<TUTO_ML_files/figure-latex/unnamed-chunk-223-1.pdf, id=1001, 459.7175pt x 313.
17pt>
File: TUTO_ML_files/figure-latex/unnamed-chunk-223-1.pdf Graphic file (type pdf
)
<use TUTO_ML_files/figure-latex/unnamed-chunk-223-1.pdf>
Package pdftex.def Info: TUTO_ML_files/figure-latex/unnamed-chunk-223-1.pdf  us
ed on input line 3890.
(pdftex.def)             Requested size: 444.78203pt x 302.9956pt.
[77 <./TUTO_ML_files/figure-latex/unnamed-chunk-220-1.pdf>]
<TUTO_ML_files/figure-latex/unnamed-chunk-224-1.pdf, id=1014, 459.7175pt x 313.
17pt>
File: TUTO_ML_files/figure-latex/unnamed-chunk-224-1.pdf Graphic file (type pdf
)
<use TUTO_ML_files/figure-latex/unnamed-chunk-224-1.pdf>
Package pdftex.def Info: TUTO_ML_files/figure-latex/unnamed-chunk-224-1.pdf  us
ed on input line 3902.
(pdftex.def)             Requested size: 444.78203pt x 302.9956pt.
[78 <./TUTO_ML_files/figure-latex/unnamed-chunk-223-1.pdf>]
<TUTO_ML_files/figure-latex/unnamed-chunk-228-1.pdf, id=1027, 459.7175pt x 313.
17pt>
File: TUTO_ML_files/figure-latex/unnamed-chunk-228-1.pdf Graphic file (type pdf
)
<use TUTO_ML_files/figure-latex/unnamed-chunk-228-1.pdf>
Package pdftex.def Info: TUTO_ML_files/figure-latex/unnamed-chunk-228-1.pdf  us
ed on input line 3931.
(pdftex.def)             Requested size: 444.78203pt x 302.9956pt.
[79 <./TUTO_ML_files/figure-latex/unnamed-chunk-224-1.pdf>]
<TUTO_ML_files/figure-latex/unnamed-chunk-230-1.pdf, id=1041, 459.7175pt x 313.
17pt>
File: TUTO_ML_files/figure-latex/unnamed-chunk-230-1.pdf Graphic file (type pdf
)
<use TUTO_ML_files/figure-latex/unnamed-chunk-230-1.pdf>
Package pdftex.def Info: TUTO_ML_files/figure-latex/unnamed-chunk-230-1.pdf  us
ed on input line 3947.
(pdftex.def)             Requested size: 444.78203pt x 302.9956pt.
[80 <./TUTO_ML_files/figure-latex/unnamed-chunk-228-1.pdf>] [81 <./TUTO_ML_file
s/figure-latex/unnamed-chunk-230-1.pdf>] [82] [83] [84] [85] [86] [87] [88]
<TUTO_ML_files/figure-latex/unnamed-chunk-274-1.pdf, id=1130, 436.63126pt x 283
.0575pt>
File: TUTO_ML_files/figure-latex/unnamed-chunk-274-1.pdf Graphic file (type pdf
)
<use TUTO_ML_files/figure-latex/unnamed-chunk-274-1.pdf>
Package pdftex.def Info: TUTO_ML_files/figure-latex/unnamed-chunk-274-1.pdf  us
ed on input line 4548.
(pdftex.def)             Requested size: 436.63019pt x 283.0568pt.
[89 <./TUTO_ML_files/figure-latex/unnamed-chunk-274-1.pdf>] [90]
<TUTO_ML_files/figure-latex/unnamed-chunk-279-1.pdf, id=1152, 446.66875pt x 315
.1775pt>
File: TUTO_ML_files/figure-latex/unnamed-chunk-279-1.pdf Graphic file (type pdf
)
<use TUTO_ML_files/figure-latex/unnamed-chunk-279-1.pdf>
Package pdftex.def Info: TUTO_ML_files/figure-latex/unnamed-chunk-279-1.pdf  us
ed on input line 4649.
(pdftex.def)             Requested size: 444.76608pt x 313.83495pt.
<TUTO_ML_files/figure-latex/unnamed-chunk-281-1.pdf, id=1153, 446.66875pt x 315
.1775pt>
File: TUTO_ML_files/figure-latex/unnamed-chunk-281-1.pdf Graphic file (type pdf
)
<use TUTO_ML_files/figure-latex/unnamed-chunk-281-1.pdf>
Package pdftex.def Info: TUTO_ML_files/figure-latex/unnamed-chunk-281-1.pdf  us
ed on input line 4663.
(pdftex.def)             Requested size: 444.76608pt x 313.83495pt.
[91 <./TUTO_ML_files/figure-latex/unnamed-chunk-279-1.pdf>] [92 <./TUTO_ML_file
s/figure-latex/unnamed-chunk-281-1.pdf>]
<TUTO_ML_files/figure-latex/unnamed-chunk-284-1.pdf, id=1186, 446.66875pt x 300
.12125pt>
File: TUTO_ML_files/figure-latex/unnamed-chunk-284-1.pdf Graphic file (type pdf
)
<use TUTO_ML_files/figure-latex/unnamed-chunk-284-1.pdf>
Package pdftex.def Info: TUTO_ML_files/figure-latex/unnamed-chunk-284-1.pdf  us
ed on input line 4760.
(pdftex.def)             Requested size: 446.67445pt x 300.12509pt.
[93]
<TUTO_ML_files/figure-latex/unnamed-chunk-287-1.pdf, id=1199, 451.6875pt x 313.
17pt>
File: TUTO_ML_files/figure-latex/unnamed-chunk-287-1.pdf Graphic file (type pdf
)
<use TUTO_ML_files/figure-latex/unnamed-chunk-287-1.pdf>
Package pdftex.def Info: TUTO_ML_files/figure-latex/unnamed-chunk-287-1.pdf  us
ed on input line 4792.
(pdftex.def)             Requested size: 444.78041pt x 308.38107pt.
[94 <./TUTO_ML_files/figure-latex/unnamed-chunk-284-1.pdf>]
<TUTO_ML_files/figure-latex/unnamed-chunk-289-1.pdf, id=1214, 439.6425pt x 285.
065pt>
File: TUTO_ML_files/figure-latex/unnamed-chunk-289-1.pdf Graphic file (type pdf
)
<use TUTO_ML_files/figure-latex/unnamed-chunk-289-1.pdf>
Package pdftex.def Info: TUTO_ML_files/figure-latex/unnamed-chunk-289-1.pdf  us
ed on input line 4805.
(pdftex.def)             Requested size: 439.64142pt x 285.0643pt.
[95 <./TUTO_ML_files/figure-latex/unnamed-chunk-287-1.pdf> <./TUTO_ML_files/fig
ure-latex/unnamed-chunk-289-1.pdf>]
<TUTO_ML_files/figure-latex/unnamed-chunk-290-1.pdf, id=1233, 451.6875pt x 313.
17pt>
File: TUTO_ML_files/figure-latex/unnamed-chunk-290-1.pdf Graphic file (type pdf
)
<use TUTO_ML_files/figure-latex/unnamed-chunk-290-1.pdf>
Package pdftex.def Info: TUTO_ML_files/figure-latex/unnamed-chunk-290-1.pdf  us
ed on input line 4819.
(pdftex.def)             Requested size: 444.78041pt x 308.38107pt.
<TUTO_ML_files/figure-latex/unnamed-chunk-293-1.pdf, id=1234, 441.65pt x 248.93
pt>
File: TUTO_ML_files/figure-latex/unnamed-chunk-293-1.pdf Graphic file (type pdf
)
<use TUTO_ML_files/figure-latex/unnamed-chunk-293-1.pdf>
Package pdftex.def Info: TUTO_ML_files/figure-latex/unnamed-chunk-293-1.pdf  us
ed on input line 4842.
(pdftex.def)             Requested size: 441.65564pt x 248.93317pt.
[96 <./TUTO_ML_files/figure-latex/unnamed-chunk-290-1.pdf>] [97 <./TUTO_ML_file
s/figure-latex/unnamed-chunk-293-1.pdf>]
<TUTO_ML_files/figure-latex/unnamed-chunk-301-1.pdf, id=1266, 412.54124pt x 244
.915pt>
File: TUTO_ML_files/figure-latex/unnamed-chunk-301-1.pdf Graphic file (type pdf
)
<use TUTO_ML_files/figure-latex/unnamed-chunk-301-1.pdf>
Package pdftex.def Info: TUTO_ML_files/figure-latex/unnamed-chunk-301-1.pdf  us
ed on input line 4921.
(pdftex.def)             Requested size: 412.54652pt x 244.9181pt.
[98 <./TUTO_ML_files/figure-latex/unnamed-chunk-301-1.pdf>]
<TUTO_ML_files/figure-latex/unnamed-chunk-303-1.pdf, id=1279, 446.66875pt x 315
.1775pt>
File: TUTO_ML_files/figure-latex/unnamed-chunk-303-1.pdf Graphic file (type pdf
)
<use TUTO_ML_files/figure-latex/unnamed-chunk-303-1.pdf>
Package pdftex.def Info: TUTO_ML_files/figure-latex/unnamed-chunk-303-1.pdf  us
ed on input line 4998.
(pdftex.def)             Requested size: 444.76608pt x 313.83495pt.
[99]
<TUTO_ML_files/figure-latex/cv-ada1-1.pdf, id=1285, 440.64626pt x 248.93pt>
File: TUTO_ML_files/figure-latex/cv-ada1-1.pdf Graphic file (type pdf)
<use TUTO_ML_files/figure-latex/cv-ada1-1.pdf>
Package pdftex.def Info: TUTO_ML_files/figure-latex/cv-ada1-1.pdf  used on inpu
t line 5009.
(pdftex.def)             Requested size: 440.65189pt x 248.93317pt.
[100 <./TUTO_ML_files/figure-latex/unnamed-chunk-303-1.pdf> <./TUTO_ML_files/fi
gure-latex/cv-ada1-1.pdf>]
<TUTO_ML_files/figure-latex/cv-ada2-1.pdf, id=1305, 440.64626pt x 248.93pt>
File: TUTO_ML_files/figure-latex/cv-ada2-1.pdf Graphic file (type pdf)
<use TUTO_ML_files/figure-latex/cv-ada2-1.pdf>
Package pdftex.def Info: TUTO_ML_files/figure-latex/cv-ada2-1.pdf  used on inpu
t line 5024.
(pdftex.def)             Requested size: 440.65189pt x 248.93317pt.
<TUTO_ML_files/figure-latex/cv-ada3-1.pdf, id=1306, 440.64626pt x 251.94125pt>
File: TUTO_ML_files/figure-latex/cv-ada3-1.pdf Graphic file (type pdf)
<use TUTO_ML_files/figure-latex/cv-ada3-1.pdf>
Package pdftex.def Info: TUTO_ML_files/figure-latex/cv-ada3-1.pdf  used on inpu
t line 5037.
(pdftex.def)             Requested size: 440.64517pt x 251.94063pt.
[101 <./TUTO_ML_files/figure-latex/cv-ada2-1.pdf> <./TUTO_ML_files/figure-latex
/cv-ada3-1.pdf>]
<TUTO_ML_files/figure-latex/cv-logitboost-1.pdf, id=1326, 440.64626pt x 248.93p
t>
File: TUTO_ML_files/figure-latex/cv-logitboost-1.pdf Graphic file (type pdf)
<use TUTO_ML_files/figure-latex/cv-logitboost-1.pdf>
Package pdftex.def Info: TUTO_ML_files/figure-latex/cv-logitboost-1.pdf  used o
n input line 5069.
(pdftex.def)             Requested size: 440.65189pt x 248.93317pt.
[102 <./TUTO_ML_files/figure-latex/cv-logitboost-1.pdf>] [103] [104]
<TUTO_ML_files/figure-latex/unnamed-chunk-319-1.pdf, id=1357, 448.67625pt x 315
.1775pt>
File: TUTO_ML_files/figure-latex/unnamed-chunk-319-1.pdf Graphic file (type pdf
)
<use TUTO_ML_files/figure-latex/unnamed-chunk-319-1.pdf>
Package pdftex.def Info: TUTO_ML_files/figure-latex/unnamed-chunk-319-1.pdf  us
ed on input line 5240.
(pdftex.def)             Requested size: 444.7728pt x 312.43547pt.
[105 <./TUTO_ML_files/figure-latex/unnamed-chunk-319-1.pdf>]
<TUTO_ML_files/figure-latex/unnamed-chunk-325-1.pdf, id=1370, 448.67625pt x 315
.1775pt>
File: TUTO_ML_files/figure-latex/unnamed-chunk-325-1.pdf Graphic file (type pdf
)
<use TUTO_ML_files/figure-latex/unnamed-chunk-325-1.pdf>
Package pdftex.def Info: TUTO_ML_files/figure-latex/unnamed-chunk-325-1.pdf  us
ed on input line 5304.
(pdftex.def)             Requested size: 444.7728pt x 312.43547pt.
[106 <./TUTO_ML_files/figure-latex/unnamed-chunk-325-1.pdf>] [107] [108] [109] 
[110]
<TUTO_ML_files/figure-latex/unnamed-chunk-347-1.pdf, id=1417, 453.695pt x 313.1
7pt>
File: TUTO_ML_files/figure-latex/unnamed-chunk-347-1.pdf Graphic file (type pdf
)
<use TUTO_ML_files/figure-latex/unnamed-chunk-347-1.pdf>
Package pdftex.def Info: TUTO_ML_files/figure-latex/unnamed-chunk-347-1.pdf  us
ed on input line 5676.
(pdftex.def)             Requested size: 453.6939pt x 313.16922pt.
[111 <./TUTO_ML_files/figure-latex/unnamed-chunk-347-1.pdf>]
<TUTO_ML_files/figure-latex/unnamed-chunk-355-1.pdf, id=1429, 453.695pt x 313.1
7pt>
File: TUTO_ML_files/figure-latex/unnamed-chunk-355-1.pdf Graphic file (type pdf
)
<use TUTO_ML_files/figure-latex/unnamed-chunk-355-1.pdf>
Package pdftex.def Info: TUTO_ML_files/figure-latex/unnamed-chunk-355-1.pdf  us
ed on input line 5764.
(pdftex.def)             Requested size: 422.7558pt x 291.81372pt.
[112] [113 <./TUTO_ML_files/figure-latex/unnamed-chunk-355-1.pdf>] [114]
<TUTO_ML_files/figure-latex/unnamed-chunk-367-1.pdf, id=1459, 453.695pt x 313.1
7pt>
File: TUTO_ML_files/figure-latex/unnamed-chunk-367-1.pdf Graphic file (type pdf
)
<use TUTO_ML_files/figure-latex/unnamed-chunk-367-1.pdf>
Package pdftex.def Info: TUTO_ML_files/figure-latex/unnamed-chunk-367-1.pdf  us
ed on input line 5916.
(pdftex.def)             Requested size: 422.7558pt x 291.81372pt.
<TUTO_ML_files/figure-latex/unnamed-chunk-369-1.pdf, id=1460, 453.695pt x 313.1
7pt>
File: TUTO_ML_files/figure-latex/unnamed-chunk-369-1.pdf Graphic file (type pdf
)
<use TUTO_ML_files/figure-latex/unnamed-chunk-369-1.pdf>
Package pdftex.def Info: TUTO_ML_files/figure-latex/unnamed-chunk-369-1.pdf  us
ed on input line 5932.
(pdftex.def)             Requested size: 422.7558pt x 291.81372pt.
[115 <./TUTO_ML_files/figure-latex/unnamed-chunk-367-1.pdf>]pdfTeX warning (ext
4): destination with the same identifier (name{exr:exo-dondes-comp-reeq}) has b
een already used, duplicate ignored
<to be read again> 
                   \relax 
l.5937 ...\hypertarget{exr:exo-dondes-comp-reeq}{}
                                                  {\label{exr:exo-dondes-com...
[116 <./TUTO_ML_files/figure-latex/unnamed-chunk-369-1.pdf>]
<TUTO_ML_files/figure-latex/unnamed-chunk-372-1.pdf, id=1488, 453.695pt x 313.1
7pt>
File: TUTO_ML_files/figure-latex/unnamed-chunk-372-1.pdf Graphic file (type pdf
)
<use TUTO_ML_files/figure-latex/unnamed-chunk-372-1.pdf>
Package pdftex.def Info: TUTO_ML_files/figure-latex/unnamed-chunk-372-1.pdf  us
ed on input line 5993.
(pdftex.def)             Requested size: 444.75653pt x 307.00006pt.
<TUTO_ML_files/figure-latex/unnamed-chunk-372-2.pdf, id=1489, 453.695pt x 313.1
7pt>
File: TUTO_ML_files/figure-latex/unnamed-chunk-372-2.pdf Graphic file (type pdf
)
<use TUTO_ML_files/figure-latex/unnamed-chunk-372-2.pdf>
Package pdftex.def Info: TUTO_ML_files/figure-latex/unnamed-chunk-372-2.pdf  us
ed on input line 6001.
(pdftex.def)             Requested size: 444.75653pt x 307.00006pt.
[117 <./TUTO_ML_files/figure-latex/unnamed-chunk-372-1.pdf>]
<TUTO_ML_files/figure-latex/unnamed-chunk-372-3.pdf, id=1501, 453.695pt x 313.1
7pt>
File: TUTO_ML_files/figure-latex/unnamed-chunk-372-3.pdf Graphic file (type pdf
)
<use TUTO_ML_files/figure-latex/unnamed-chunk-372-3.pdf>
Package pdftex.def Info: TUTO_ML_files/figure-latex/unnamed-chunk-372-3.pdf  us
ed on input line 6009.
(pdftex.def)             Requested size: 444.75653pt x 307.00006pt.
[118 <./TUTO_ML_files/figure-latex/unnamed-chunk-372-2.pdf>] [119 <./TUTO_ML_fi
les/figure-latex/unnamed-chunk-372-3.pdf>]
Underfull \vbox (badness 10000) detected at line 6133
 []


Underfull \vbox (badness 10000) detected at line 6133
 []

[120] [121] [122] [123] [124] [125] [126]
<TUTO_ML_files/figure-latex/unnamed-chunk-423-1.pdf, id=1570, 453.695pt x 315.1
775pt>
File: TUTO_ML_files/figure-latex/unnamed-chunk-423-1.pdf Graphic file (type pdf
)
<use TUTO_ML_files/figure-latex/unnamed-chunk-423-1.pdf>
Package pdftex.def Info: TUTO_ML_files/figure-latex/unnamed-chunk-423-1.pdf  us
ed on input line 6677.
(pdftex.def)             Requested size: 453.6939pt x 315.17673pt.
[127] [128 <./TUTO_ML_files/figure-latex/unnamed-chunk-423-1.pdf>] [129] [130] 
[131] [132] [133] (./TUTO_ML.bbl)
Package atveryend Info: Empty hook `BeforeClearDocument' on input line 7226.
[134]
Package atveryend Info: Empty hook `AfterLastShipout' on input line 7226.
(./TUTO_ML.aux)
Package atveryend Info: Executing hook `AtVeryEndDocument' on input line 7226.
Package atveryend Info: Empty hook `AtEndAfterFileList' on input line 7226.

LaTeX Warning: There were multiply-defined labels.

 ) 
Here is how much of TeX's memory you used:
 17053 strings out of 480608
 267009 string characters out of 5903629
 567951 words of memory out of 5000000
 31959 multiletter control sequences out of 15000+600000
 626289 words of font info for 174 fonts, out of 8000000 for 9000
 1141 hyphenation exceptions out of 8191
 41i,10n,42p,831b,711s stack positions out of 5000i,500n,10000p,200000b,80000s
{/usr/local/texlive/2020/texmf-dist/fonts/enc/dvips/lm/lm-ec.enc}{/usr/local/
texlive/2020/texmf-dist/fonts/enc/dvips/lm/lm-rm.enc}{/usr/local/texlive/2020/t
exmf-dist/fonts/enc/dvips/lm/lm-ts1.enc}{/usr/local/texlive/2020/texmf-dist/fon
ts/enc/dvips/lm/lm-mathit.enc}{/usr/local/texlive/2020/texmf-dist/fonts/enc/dvi
ps/lm/lm-mathex.enc}{/usr/local/texlive/2020/texmf-dist/fonts/enc/dvips/lm/lm-m
athsy.enc}</usr/local/texlive/2020/texmf-dist/fonts/type1/public/lm/lmbx10.pfb>
</usr/local/texlive/2020/texmf-dist/fonts/type1/public/lm/lmbx12.pfb></usr/loca
l/texlive/2020/texmf-dist/fonts/type1/public/lm/lmbxi10.pfb></usr/local/texlive
/2020/texmf-dist/fonts/type1/public/lm/lmex10.pfb></usr/local/texlive/2020/texm
f-dist/fonts/type1/public/lm/lmmi10.pfb></usr/local/texlive/2020/texmf-dist/fon
ts/type1/public/lm/lmmi5.pfb></usr/local/texlive/2020/texmf-dist/fonts/type1/pu
blic/lm/lmmi7.pfb></usr/local/texlive/2020/texmf-dist/fonts/type1/public/lm/lmr
10.pfb></usr/local/texlive/2020/texmf-dist/fonts/type1/public/lm/lmr12.pfb></us
r/local/texlive/2020/texmf-dist/fonts/type1/public/lm/lmr17.pfb></usr/local/tex
live/2020/texmf-dist/fonts/type1/public/lm/lmr5.pfb></usr/local/texlive/2020/te
xmf-dist/fonts/type1/public/lm/lmr7.pfb></usr/local/texlive/2020/texmf-dist/fon
ts/type1/public/lm/lmri10.pfb></usr/local/texlive/2020/texmf-dist/fonts/type1/p
ublic/lm/lmri7.pfb></usr/local/texlive/2020/texmf-dist/fonts/type1/public/lm/lm
sy10.pfb></usr/local/texlive/2020/texmf-dist/fonts/type1/public/lm/lmsy5.pfb></
usr/local/texlive/2020/texmf-dist/fonts/type1/public/lm/lmsy7.pfb></usr/local/t
exlive/2020/texmf-dist/fonts/type1/public/lm/lmtk10.pfb></usr/local/texlive/202
0/texmf-dist/fonts/type1/public/lm/lmtt10.pfb></usr/local/texlive/2020/texmf-di
st/fonts/type1/public/lm/lmtti10.pfb></usr/local/texlive/2020/texmf-dist/fonts/
type1/public/amsfonts/symbols/msbm10.pfb></usr/local/texlive/2020/texmf-dist/fo
nts/type1/public/amsfonts/symbols/msbm7.pfb>
Output written on TUTO_ML.pdf (134 pages, 8226573 bytes).
PDF statistics:
 1888 PDF objects out of 2073 (max. 8388607)
 1484 compressed objects within 15 object streams
 427 named destinations out of 1000 (max. 500000)
 12920 words of extra memory for PDF output out of 14400 (max. 10000000)

